<?xml version="1.0" encoding="UTF-8"?>
<testsuite name="com.soyul.book.springboot.web.domain.posts.PostRepositoryTest" tests="1" skipped="0" failures="0" errors="0" timestamp="2022-06-30T08:53:37" hostname="Soyului-MacBookAir.local" time="0.216">
  <properties/>
  <testcase name="게시글저장_블러오기" classname="com.soyul.book.springboot.web.domain.posts.PostRepositoryTest" time="0.216"/>
  <system-out><![CDATA[17:53:35.245 [Test worker] DEBUG org.springframework.test.annotation.ProfileValueUtils - Retrieved @ProfileValueSourceConfiguration [null] for test class [com.soyul.book.springboot.web.domain.posts.PostRepositoryTest]
17:53:35.246 [Test worker] DEBUG org.springframework.test.annotation.ProfileValueUtils - Retrieved ProfileValueSource type [class org.springframework.test.annotation.SystemProfileValueSource] for class [com.soyul.book.springboot.web.domain.posts.PostRepositoryTest]
17:53:35.246 [Test worker] DEBUG org.springframework.test.annotation.ProfileValueUtils - Retrieved @ProfileValueSourceConfiguration [null] for test class [com.soyul.book.springboot.web.domain.posts.PostRepositoryTest]
17:53:35.246 [Test worker] DEBUG org.springframework.test.annotation.ProfileValueUtils - Retrieved ProfileValueSource type [class org.springframework.test.annotation.SystemProfileValueSource] for class [com.soyul.book.springboot.web.domain.posts.PostRepositoryTest]
17:53:35.247 [Test worker] DEBUG org.springframework.test.context.support.AbstractDirtiesContextTestExecutionListener - Before test class: context [DefaultTestContext@7eabbf46 testClass = PostRepositoryTest, testInstance = [null], testMethod = [null], testException = [null], mergedContextConfiguration = [WebMergedContextConfiguration@9513d11 testClass = PostRepositoryTest, locations = '{}', classes = '{class com.soyul.book.springboot.Application}', contextInitializerClasses = '[]', activeProfiles = '{}', propertySourceLocations = '{}', propertySourceProperties = '{org.springframework.boot.test.context.SpringBootTestContextBootstrapper=true}', contextCustomizers = set[org.springframework.boot.test.autoconfigure.properties.PropertyMappingContextCustomizer@0, org.springframework.boot.test.autoconfigure.web.servlet.WebDriverContextCustomizerFactory$Customizer@3e038460, org.springframework.boot.test.context.filter.ExcludeFilterContextCustomizer@6d4a4f21, org.springframework.boot.test.json.DuplicateJsonObjectContextCustomizerFactory$DuplicateJsonObjectContextCustomizer@74372215, org.springframework.boot.test.mock.mockito.MockitoContextCustomizer@0, org.springframework.boot.test.web.client.TestRestTemplateContextCustomizer@3ce6ab81], resourceBasePath = 'src/main/webapp', contextLoader = 'org.springframework.boot.test.context.SpringBootContextLoader', parent = [null]], attributes = map['org.springframework.test.context.web.ServletTestExecutionListener.activateListener' -> true]], class annotated with @DirtiesContext [false] with mode [null].
17:53:35.248 [Test worker] DEBUG org.springframework.test.annotation.ProfileValueUtils - Retrieved @ProfileValueSourceConfiguration [null] for test class [com.soyul.book.springboot.web.domain.posts.PostRepositoryTest]
17:53:35.248 [Test worker] DEBUG org.springframework.test.annotation.ProfileValueUtils - Retrieved ProfileValueSource type [class org.springframework.test.annotation.SystemProfileValueSource] for class [com.soyul.book.springboot.web.domain.posts.PostRepositoryTest]
17:53:35.258 [Test worker] DEBUG org.springframework.test.context.support.TestPropertySourceUtils - Adding inlined properties to environment: {spring.jmx.enabled=false, org.springframework.boot.test.context.SpringBootTestContextBootstrapper=true, server.port=-1}

  .   ____          _            __ _ _
 /\\ / ___'_ __ _ _(_)_ __  __ _ \ \ \ \
( ( )\___ | '_ | '_| | '_ \/ _` | \ \ \ \
 \\/  ___)| |_)| | | | | || (_| |  ) ) ) )
  '  |____| .__|_| |_|_| |_\__, | / / / /
 =========|_|==============|___/=/_/_/_/
 :: Spring Boot ::        (v2.1.7.RELEASE)

2022-06-30 17:53:35.486  INFO 11594 --- [    Test worker] c.s.b.s.w.d.posts.PostRepositoryTest     : Starting PostRepositoryTest on Soyului-MacBookAir.local with PID 11594 (started by soyul in /Users/soyul/IdeaProjects/Springboot-practice)
2022-06-30 17:53:35.487  INFO 11594 --- [    Test worker] c.s.b.s.w.d.posts.PostRepositoryTest     : No active profile set, falling back to default profiles: default
2022-06-30 17:53:35.773  INFO 11594 --- [    Test worker] .s.d.r.c.RepositoryConfigurationDelegate : Bootstrapping Spring Data repositories in DEFAULT mode.
2022-06-30 17:53:35.805  INFO 11594 --- [    Test worker] .s.d.r.c.RepositoryConfigurationDelegate : Finished Spring Data repository scanning in 23ms. Found 1 repository interfaces.
2022-06-30 17:53:35.980  INFO 11594 --- [    Test worker] trationDelegate$BeanPostProcessorChecker : Bean 'org.springframework.transaction.annotation.ProxyTransactionManagementConfiguration' of type [org.springframework.transaction.annotation.ProxyTransactionManagementConfiguration$$EnhancerBySpringCGLIB$$19ea1384] is not eligible for getting processed by all BeanPostProcessors (for example: not eligible for auto-proxying)
2022-06-30 17:53:36.108  INFO 11594 --- [    Test worker] com.zaxxer.hikari.HikariDataSource       : HikariPool-1 - Starting...
2022-06-30 17:53:36.177  INFO 11594 --- [    Test worker] com.zaxxer.hikari.HikariDataSource       : HikariPool-1 - Start completed.
2022-06-30 17:53:36.220  INFO 11594 --- [    Test worker] o.hibernate.jpa.internal.util.LogHelper  : HHH000204: Processing PersistenceUnitInfo [
	name: default
	...]
2022-06-30 17:53:36.248  INFO 11594 --- [    Test worker] org.hibernate.Version                    : HHH000412: Hibernate Core {5.3.10.Final}
2022-06-30 17:53:36.249  INFO 11594 --- [    Test worker] org.hibernate.cfg.Environment            : HHH000206: hibernate.properties not found
2022-06-30 17:53:36.314  INFO 11594 --- [    Test worker] o.hibernate.annotations.common.Version   : HCANN000001: Hibernate Commons Annotations {5.0.4.Final}
2022-06-30 17:53:36.373  INFO 11594 --- [    Test worker] org.hibernate.dialect.Dialect            : HHH000400: Using dialect: org.hibernate.dialect.MySQL5InnoDBDialect
Hibernate: drop table if exists posts
Hibernate: create table posts (id bigint not null auto_increment, author varchar(255), content TEXT not null, title varchar(500) not null, primary key (id)) engine=InnoDB
2022-06-30 17:53:36.658  INFO 11594 --- [    Test worker] o.h.t.schema.internal.SchemaCreatorImpl  : HHH000476: Executing import script 'org.hibernate.tool.schema.internal.exec.ScriptSourceInputNonExistentImpl@7bf91a14'
2022-06-30 17:53:36.659  INFO 11594 --- [    Test worker] j.LocalContainerEntityManagerFactoryBean : Initialized JPA EntityManagerFactory for persistence unit 'default'
2022-06-30 17:53:37.077  INFO 11594 --- [    Test worker] o.s.s.concurrent.ThreadPoolTaskExecutor  : Initializing ExecutorService 'applicationTaskExecutor'
2022-06-30 17:53:37.103  WARN 11594 --- [    Test worker] aWebConfiguration$JpaWebMvcConfiguration : spring.jpa.open-in-view is enabled by default. Therefore, database queries may be performed during view rendering. Explicitly configure spring.jpa.open-in-view to disable this warning
2022-06-30 17:53:37.259  INFO 11594 --- [    Test worker] c.s.b.s.w.d.posts.PostRepositoryTest     : Started PostRepositoryTest in 1.998 seconds (JVM running for 2.445)
Hibernate: insert into posts (author, content, title) values (?, ?, ?)
2022-06-30 17:53:37.400  INFO 11594 --- [    Test worker] o.h.h.i.QueryTranslatorFactoryInitiator  : HHH000397: Using ASTQueryTranslatorFactory
Hibernate: select posts0_.id as id1_0_, posts0_.author as author2_0_, posts0_.content as content3_0_, posts0_.title as title4_0_ from posts posts0_
Hibernate: select posts0_.id as id1_0_, posts0_.author as author2_0_, posts0_.content as content3_0_, posts0_.title as title4_0_ from posts posts0_
Hibernate: delete from posts where id=?
]]></system-out>
  <system-err><![CDATA[]]></system-err>
</testsuite>
