<?xml version="1.0" encoding="UTF-8"?>
<testsuite name="com.soyul.book.springboot.web.domain.posts.PostRepositoryTest" tests="1" skipped="0" failures="0" errors="0" timestamp="2022-07-01T15:30:52" hostname="Soyului-MacBookAir.local" time="0.16">
  <properties/>
  <testcase name="BaseTimeEntity_등록" classname="com.soyul.book.springboot.web.domain.posts.PostRepositoryTest" time="0.16"/>
  <system-out><![CDATA[00:30:50.552 [Test worker] DEBUG org.springframework.test.annotation.ProfileValueUtils - Retrieved @ProfileValueSourceConfiguration [null] for test class [com.soyul.book.springboot.web.domain.posts.PostRepositoryTest]
00:30:50.552 [Test worker] DEBUG org.springframework.test.annotation.ProfileValueUtils - Retrieved ProfileValueSource type [class org.springframework.test.annotation.SystemProfileValueSource] for class [com.soyul.book.springboot.web.domain.posts.PostRepositoryTest]
00:30:50.552 [Test worker] DEBUG org.springframework.test.annotation.ProfileValueUtils - Retrieved @ProfileValueSourceConfiguration [null] for test class [com.soyul.book.springboot.web.domain.posts.PostRepositoryTest]
00:30:50.552 [Test worker] DEBUG org.springframework.test.annotation.ProfileValueUtils - Retrieved ProfileValueSource type [class org.springframework.test.annotation.SystemProfileValueSource] for class [com.soyul.book.springboot.web.domain.posts.PostRepositoryTest]
00:30:50.554 [Test worker] DEBUG org.springframework.test.context.support.AbstractDirtiesContextTestExecutionListener - Before test class: context [DefaultTestContext@428bb765 testClass = PostRepositoryTest, testInstance = [null], testMethod = [null], testException = [null], mergedContextConfiguration = [WebMergedContextConfiguration@2bbd310e testClass = PostRepositoryTest, locations = '{}', classes = '{class com.soyul.book.springboot.Application}', contextInitializerClasses = '[]', activeProfiles = '{}', propertySourceLocations = '{}', propertySourceProperties = '{org.springframework.boot.test.context.SpringBootTestContextBootstrapper=true}', contextCustomizers = set[org.springframework.boot.test.autoconfigure.properties.PropertyMappingContextCustomizer@0, org.springframework.boot.test.autoconfigure.web.servlet.WebDriverContextCustomizerFactory$Customizer@6d7ae980, org.springframework.boot.test.context.filter.ExcludeFilterContextCustomizer@43cfa4d0, org.springframework.boot.test.json.DuplicateJsonObjectContextCustomizerFactory$DuplicateJsonObjectContextCustomizer@7f614187, org.springframework.boot.test.mock.mockito.MockitoContextCustomizer@0, org.springframework.boot.test.web.client.TestRestTemplateContextCustomizer@73085c72], resourceBasePath = 'src/main/webapp', contextLoader = 'org.springframework.boot.test.context.SpringBootContextLoader', parent = [null]], attributes = map['org.springframework.test.context.web.ServletTestExecutionListener.activateListener' -> true]], class annotated with @DirtiesContext [false] with mode [null].
00:30:50.555 [Test worker] DEBUG org.springframework.test.annotation.ProfileValueUtils - Retrieved @ProfileValueSourceConfiguration [null] for test class [com.soyul.book.springboot.web.domain.posts.PostRepositoryTest]
00:30:50.555 [Test worker] DEBUG org.springframework.test.annotation.ProfileValueUtils - Retrieved ProfileValueSource type [class org.springframework.test.annotation.SystemProfileValueSource] for class [com.soyul.book.springboot.web.domain.posts.PostRepositoryTest]
00:30:50.563 [Test worker] DEBUG org.springframework.test.context.support.TestPropertySourceUtils - Adding inlined properties to environment: {spring.jmx.enabled=false, org.springframework.boot.test.context.SpringBootTestContextBootstrapper=true, server.port=-1}

  .   ____          _            __ _ _
 /\\ / ___'_ __ _ _(_)_ __  __ _ \ \ \ \
( ( )\___ | '_ | '_| | '_ \/ _` | \ \ \ \
 \\/  ___)| |_)| | | | | || (_| |  ) ) ) )
  '  |____| .__|_| |_|_| |_\__, | / / / /
 =========|_|==============|___/=/_/_/_/
 :: Spring Boot ::        (v2.1.7.RELEASE)

2022-07-02 00:30:50.649  INFO 44391 --- [    Test worker] c.s.b.s.w.d.posts.PostRepositoryTest     : Starting PostRepositoryTest on Soyului-MacBookAir.local with PID 44391 (started by soyul in /Users/soyul/IdeaProjects/Springboot-practice)
2022-07-02 00:30:50.650  INFO 44391 --- [    Test worker] c.s.b.s.w.d.posts.PostRepositoryTest     : No active profile set, falling back to default profiles: default
2022-07-02 00:30:50.998  INFO 44391 --- [    Test worker] .s.d.r.c.RepositoryConfigurationDelegate : Bootstrapping Spring Data repositories in DEFAULT mode.
2022-07-02 00:30:51.032  INFO 44391 --- [    Test worker] .s.d.r.c.RepositoryConfigurationDelegate : Finished Spring Data repository scanning in 31ms. Found 1 repository interfaces.
2022-07-02 00:30:51.219  INFO 44391 --- [    Test worker] trationDelegate$BeanPostProcessorChecker : Bean 'org.springframework.transaction.annotation.ProxyTransactionManagementConfiguration' of type [org.springframework.transaction.annotation.ProxyTransactionManagementConfiguration$$EnhancerBySpringCGLIB$$18be47f7] is not eligible for getting processed by all BeanPostProcessors (for example: not eligible for auto-proxying)
2022-07-02 00:30:51.345  INFO 44391 --- [    Test worker] com.zaxxer.hikari.HikariDataSource       : HikariPool-1 - Starting...
2022-07-02 00:30:51.412  INFO 44391 --- [    Test worker] com.zaxxer.hikari.HikariDataSource       : HikariPool-1 - Start completed.
2022-07-02 00:30:51.453  INFO 44391 --- [    Test worker] o.hibernate.jpa.internal.util.LogHelper  : HHH000204: Processing PersistenceUnitInfo [
	name: default
	...]
2022-07-02 00:30:51.479  INFO 44391 --- [    Test worker] org.hibernate.Version                    : HHH000412: Hibernate Core {5.3.10.Final}
2022-07-02 00:30:51.480  INFO 44391 --- [    Test worker] org.hibernate.cfg.Environment            : HHH000206: hibernate.properties not found
2022-07-02 00:30:51.544  INFO 44391 --- [    Test worker] o.hibernate.annotations.common.Version   : HCANN000001: Hibernate Commons Annotations {5.0.4.Final}
2022-07-02 00:30:51.605  INFO 44391 --- [    Test worker] org.hibernate.dialect.Dialect            : HHH000400: Using dialect: org.hibernate.dialect.MySQL5InnoDBDialect
Hibernate: drop table if exists posts
Hibernate: create table posts (id bigint not null auto_increment, created_date datetime, modified_date datetime, author varchar(255), content TEXT not null, title varchar(500) not null, primary key (id)) engine=InnoDB
2022-07-02 00:30:51.907  INFO 44391 --- [    Test worker] o.h.t.schema.internal.SchemaCreatorImpl  : HHH000476: Executing import script 'org.hibernate.tool.schema.internal.exec.ScriptSourceInputNonExistentImpl@5850a617'
2022-07-02 00:30:51.908  INFO 44391 --- [    Test worker] j.LocalContainerEntityManagerFactoryBean : Initialized JPA EntityManagerFactory for persistence unit 'default'
2022-07-02 00:30:52.332  INFO 44391 --- [    Test worker] o.s.s.concurrent.ThreadPoolTaskExecutor  : Initializing ExecutorService 'applicationTaskExecutor'
2022-07-02 00:30:52.367  WARN 44391 --- [    Test worker] aWebConfiguration$JpaWebMvcConfiguration : spring.jpa.open-in-view is enabled by default. Therefore, database queries may be performed during view rendering. Explicitly configure spring.jpa.open-in-view to disable this warning
2022-07-02 00:30:52.631  INFO 44391 --- [    Test worker] c.s.b.s.w.d.posts.PostRepositoryTest     : Started PostRepositoryTest in 2.064 seconds (JVM running for 2.52)
Hibernate: insert into posts (created_date, modified_date, author, content, title) values (?, ?, ?, ?, ?)
2022-07-02 00:30:52.727  INFO 44391 --- [    Test worker] o.h.h.i.QueryTranslatorFactoryInitiator  : HHH000397: Using ASTQueryTranslatorFactory
Hibernate: select posts0_.id as id1_0_, posts0_.created_date as created_2_0_, posts0_.modified_date as modified3_0_, posts0_.author as author4_0_, posts0_.content as content5_0_, posts0_.title as title6_0_ from posts posts0_
>>>>>>> createDate=2022-07-02T00:30:52.685, modifiedDate = 2022-07-02T00:30:52.685
Hibernate: select posts0_.id as id1_0_, posts0_.created_date as created_2_0_, posts0_.modified_date as modified3_0_, posts0_.author as author4_0_, posts0_.content as content5_0_, posts0_.title as title6_0_ from posts posts0_
Hibernate: delete from posts where id=?
]]></system-out>
  <system-err><![CDATA[]]></system-err>
</testsuite>
